<?xml version="1.0" encoding="UTF-8"?>
<!-- Generated by org.testng.reporters.JUnitReportReporter -->
<testsuite skipped="0" hostname="LAPTOP-468AMR1I" name="Hybrid.logincrm" tests="10" failures="0" timestamp="2022-05-17T20:52:19 IST" time="36.715" errors="0">
  <testcase name="loginApp" time="5.922" classname="Hybrid.logincrm"/>
  <system-out/>
  <testcase name="signupapp" time="7.692" classname="Hybrid.logincrm"/>
  <system-out/>
  <testcase name="searchupapp" time="3.089" classname="Hybrid.logincrm"/>
  <system-out/>
  <testcase name="Bedapp" time="7.355" classname="Hybrid.logincrm"/>
  <system-out/>
  <testcase name="Bedappcart" time="4.356" classname="Hybrid.logincrm"/>
  <system-out/>
  <testcase name="assertionaa" time="2.544" classname="Hybrid.logincrm"/>
  <system-out/>
  <testcase name="tvappcart" time="1.513" classname="Hybrid.logincrm"/>
  <system-out/>
  <testcase name="studyapp" time="2.928" classname="Hybrid.logincrm"/>
  <system-out/>
  <testcase name="aboutapp" time="0.846" classname="Hybrid.logincrm"/>
  <system-out/>
  <testcase name="infoapp" time="0.470" classname="Hybrid.logincrm"/>
  <system-out/>
</testsuite> <!-- Hybrid.logincrm -->
